2024-01-14T22:40:22.065Z 0: 

----------------------------------------------
2024-01-14T22:40:22.072Z 1: Discord starting: {"releaseChannel":"stable","version":"0.0.40"}, modulepath: /home/xd/.config/discord/0.0.40/modules
2024-01-14T22:40:22.074Z 2: ✅ webContents.created web1 ""
2024-01-14T22:40:22.076Z 3: ✅ window.created win1 "discord"
2024-01-14T22:40:22.381Z 4: ✅ webContents.did-finish-load web1
2024-01-14T22:40:38.268Z 5: ✅ webContents.created web2 ""
2024-01-14T22:40:38.270Z 6: ✅ window.created win2 "Discord"
2024-01-14T22:40:39.508Z 7: ✅ webContents.did-finish-load web2
2024-01-14T22:40:39.608Z 8: window.close win1
2024-01-14T22:40:39.631Z 9: webContents.destroyed web1
2024-01-14T22:40:39.633Z 10: window.closed win1
2024-01-15T15:28:34.660Z 0: 

----------------------------------------------
2024-01-15T15:28:34.671Z 1: Discord starting: {"releaseChannel":"stable","version":"0.0.40"}, modulepath: /home/xd/.config/discord/0.0.40/modules
2024-01-15T15:28:34.673Z 2: ✅ webContents.created web1 ""
2024-01-15T15:28:34.675Z 3: ✅ window.created win1 "discord"
2024-01-15T15:28:35.002Z 4: ✅ webContents.did-finish-load web1
2024-01-15T15:28:35.248Z 5: ✅ webContents.created web2 ""
2024-01-15T15:28:35.250Z 6: ✅ window.created win2 "Discord"
2024-01-15T15:28:37.283Z 7: ✅ webContents.did-finish-load web2
2024-01-15T15:28:37.383Z 8: window.close win1
2024-01-15T15:28:37.473Z 9: webContents.destroyed web1
2024-01-15T15:28:37.479Z 10: window.closed win1
2024-01-15T15:28:44.602Z 11: window.close win2
2024-01-15T15:38:28.705Z 12: window.close win2
2024-01-15T22:53:01.494Z 13: window.close win2
2024-01-15T22:53:24.697Z 14: before-quit
2024-01-17T16:48:12.589Z 0: 

----------------------------------------------
2024-01-17T16:48:12.596Z 1: Discord starting: {"releaseChannel":"stable","version":"0.0.40"}, modulepath: /home/xd/.config/discord/0.0.40/modules
2024-01-17T16:48:12.604Z 2: ✅ webContents.created web1 ""
2024-01-17T16:48:12.605Z 3: ✅ window.created win1 "discord"
2024-01-17T16:48:12.867Z 4: ✅ webContents.did-finish-load web1
2024-01-17T16:48:13.149Z 5: ✅ webContents.created web2 ""
2024-01-17T16:48:13.151Z 6: ✅ window.created win2 "Discord"
2024-01-17T16:48:14.635Z 7: ✅ webContents.did-finish-load web2
2024-01-17T16:48:14.735Z 8: window.close win1
2024-01-17T16:48:14.744Z 9: webContents.destroyed web1
2024-01-17T16:48:14.746Z 10: window.closed win1
2024-01-17T16:48:20.110Z 11: window.close win2
2024-01-17T17:14:55.156Z 12: before-quit
