00:00:00.415317 VirtualBox GUI VM Selector Window 7.0.12 r159484 linux.amd64 (Oct 17 2023 12:57:12) release log
00:00:00.415318 Log opened 2024-01-18T00:18:54.529951000Z
00:00:00.415318 Build Type: release
00:00:00.415319 OS Product: Linux
00:00:00.415319 OS Release: 6.7.0-arch3-1
00:00:00.415319 OS Version: #1 SMP PREEMPT_DYNAMIC Sat, 13 Jan 2024 14:37:14 +0000
00:00:00.415328 DMI Product Name: System Product Name
00:00:00.415330 DMI Product Version: System Version
00:00:00.415332 Firmware type: UEFI
00:00:00.415423 Secure Boot: Disabled
00:00:00.415434 Host RAM: 31904MB (31.1GB) total, 29976MB (29.2GB) available
00:00:00.415436 Executable: /usr/lib/virtualbox/VirtualBox
00:00:00.415436 Process ID: 2704
00:00:00.415436 Package type: LINUX_64BITS_GENERIC (OSE)
00:00:00.415444 Qt version: 5.15.12
00:00:00.416407 GUI: UIMediumEnumerator: Initial medium-enumeration finished!
00:00:00.429597 GUI: UIMediumEnumerator: Medium-enumeration started...
00:00:00.820629 GUI: UIMediumEnumerator: Medium-enumeration finished!
00:00:00.852632 GUI: UIDesktopWidgetWatchdog::sltHandleHostScreenAvailableGeometryCalculated: Screen 0 work area is actually resized to: 3111x310 x 960x540
00:00:00.854518 GUI: UIDesktopWidgetWatchdog::sltHandleHostScreenAvailableGeometryCalculated: Screen 1 work area is actually resized to: 3111x310 x 960x540
00:00:07.864641 GUI: UICommon: Handling aboutToQuit request..
00:00:08.797889 GUI: UICommon: aboutToQuit request handled!
