00:00:00.001375 main     VirtualBox XPCOM Server 7.0.12 r159484 linux.amd64 (Oct 17 2023 12:57:12) release log
00:00:00.001376 main     Log opened 2024-01-18T00:18:54.313145000Z
00:00:00.001377 main     Build Type: release
00:00:00.001377 main     OS Product: Linux
00:00:00.001378 main     OS Release: 6.7.0-arch3-1
00:00:00.001378 main     OS Version: #1 SMP PREEMPT_DYNAMIC Sat, 13 Jan 2024 14:37:14 +0000
00:00:00.001390 main     DMI Product Name: System Product Name
00:00:00.001392 main     DMI Product Version: System Version
00:00:00.001394 main     Firmware type: UEFI
00:00:00.001466 main     Secure Boot: Disabled
00:00:00.001479 main     Host RAM: 31904MB (31.1GB) total, 29976MB (29.2GB) available
00:00:00.001480 main     Executable: /usr/lib/virtualbox/VBoxSVC
00:00:00.001480 main     Process ID: 2740
00:00:00.001480 main     Package type: LINUX_64BITS_GENERIC (OSE)
00:00:00.002794 main     IPC socket path: /tmp/.vbox-xd-ipc/ipcd
00:00:00.111936 nspr-2   VirtualBox: object creation starts
00:00:00.113872 nspr-2   Home directory: '/home/xd/.config/VirtualBox'
00:00:00.114501 nspr-2   Loading settings file "/home/xd/.config/VirtualBox/VirtualBox.xml" with version "1.12-linux"
00:00:00.119307 nspr-2   Failed to retrive disk info: getDiskName(/dev/mapper/root) --> root
00:00:00.120499 nspr-2   HostDnsMonitor: initializing
00:00:00.120728 nspr-2   NAT: resolv.conf: nameserver 192.168.1.1
00:00:00.120737 nspr-2   HostDnsMonitor: updating information
00:00:00.120744 nspr-2   HostDnsMonitor: old information
00:00:00.120745 nspr-2     no server entries
00:00:00.120746 nspr-2     no domain set
00:00:00.120746 nspr-2     no search string entries
00:00:00.120747 nspr-2   HostDnsMonitor: new information
00:00:00.120747 nspr-2     server 1: 192.168.1.1
00:00:00.120748 nspr-2     domain: home
00:00:00.120749 nspr-2     search string 1: home
00:00:00.124619 nspr-2   VD: VDInit finished with VINF_SUCCESS
00:00:00.125444 nspr-2   ERROR [COM]: aRC=NS_ERROR_FAILURE (0x80004005) aIID={aac6c7cb-a371-4c58-ab51-0616896b2f2c} aComponent={SystemPropertiesWrap} aText={Cannot determine default Guest Additions ISO location. Most likely they are not available}, preserve=false aResultDetail=0
00:00:00.186579 nspr-2   Loading settings file "/run/media/xd/Disc dur/VirtualBox/IAW/nextcloud/NextCloud (IAW)/NextCloud server/NextCloud server.vbox" with version "1.19-linux"
00:00:00.188852 nspr-2   Loading settings file "/run/media/xd/Disc dur/VirtualBox/IAW/nextcloud/NextCloud (IAW)/IAW nextcloud/IAW nextcloud.vbox" with version "1.19-linux"
00:00:00.190450 nspr-2   Loading settings file "/run/media/xd/Disc dur/VirtualBox/SXI/mikrotik/mikrotik.vbox" with version "1.19-linux"
00:00:00.191337 nspr-2   Loading settings file "/run/media/xd/Disc dur/VirtualBox/SXI/UbuntuDesktop20/UbuntuDesktop20.vbox" with version "1.19-linux"
00:00:00.192139 nspr-2   Loading settings file "/run/media/xd/Disc dur/VirtualBox/SXI/UbuntuServer20/UbuntuServer20.vbox" with version "1.19-linux"
00:00:00.192958 nspr-2   VirtualBox: object created
00:00:00.625793 nspr-7   WARNING [COM]: aRC=NS_ERROR_FAILURE (0x80004005) aIID={e54f6256-97a7-4947-8a78-10c013ddf4b8} aComponent={HostWrap} aText={VirtualBox is not currently allowed to access USB devices.  You can change this by adding your user to the 'vboxusers' group.  Please see the user manual for a more detailed explanation}, preserve=true aResultDetail=0
00:00:00.627431 nspr-6   WARNING [COM]: aRC=NS_ERROR_FAILURE (0x80004005) aIID={e54f6256-97a7-4947-8a78-10c013ddf4b8} aComponent={HostWrap} aText={VirtualBox is not currently allowed to access USB devices.  You can change this by adding your user to the 'vboxusers' group.  Please see the user manual for a more detailed explanation}, preserve=false aResultDetail=0
00:00:00.662033 nspr-4   WARNING [COM]: aRC=NS_ERROR_FAILURE (0x80004005) aIID={e54f6256-97a7-4947-8a78-10c013ddf4b8} aComponent={HostWrap} aText={VirtualBox is not currently allowed to access USB devices.  You can change this by adding your user to the 'vboxusers' group.  Please see the user manual for a more detailed explanation}, preserve=true aResultDetail=0
00:00:00.679017 nspr-7   ERROR [COM]: aRC=VBOX_E_INVALID_VM_STATE (0x80bb0002) aIID={300763af-5d6b-46e6-aa96-273eac15538a} aComponent={MachineWrap} aText={The machine is not mutable (state is PoweredOff)}, preserve=false aResultDetail=0
00:00:00.727608 nspr-6   WARNING [COM]: aRC=NS_ERROR_FAILURE (0x80004005) aIID={e54f6256-97a7-4947-8a78-10c013ddf4b8} aComponent={HostWrap} aText={VirtualBox is not currently allowed to access USB devices.  You can change this by adding your user to the 'vboxusers' group.  Please see the user manual for a more detailed explanation}, preserve=true aResultDetail=0
00:00:00.728069 nspr-2   WARNING [COM]: aRC=NS_ERROR_FAILURE (0x80004005) aIID={e54f6256-97a7-4947-8a78-10c013ddf4b8} aComponent={HostWrap} aText={VirtualBox is not currently allowed to access USB devices.  You can change this by adding your user to the 'vboxusers' group.  Please see the user manual for a more detailed explanation}, preserve=true aResultDetail=0
00:00:01.533891 nspr-3   Saving settings file "/home/xd/.config/VirtualBox/VirtualBox.xml" with version "1.12-linux"
00:00:01.540037 nspr-3   Finished saving settings file "/home/xd/.config/VirtualBox/VirtualBox.xml"
00:00:13.579836 main     VirtualBox: object deletion starts
00:00:13.579927 main     ERROR [COM]: aRC=VBOX_E_OBJECT_IN_USE (0x80bb000c) aIID={ad47ad09-787b-44ab-b343-a082a3f2dfb1} aComponent={MediumWrap} aText={Medium '/run/media/xd/Disc dur/VirtualBox/IAW/nextcloud/NextCloud (IAW)/NextCloud server/UbuntuServer20-disk001.vdi' cannot be closed because it is still attached to 1 virtual machines}, preserve=false aResultDetail=0
00:00:13.580196 main     ERROR [COM]: aRC=VBOX_E_OBJECT_IN_USE (0x80bb000c) aIID={ad47ad09-787b-44ab-b343-a082a3f2dfb1} aComponent={MediumWrap} aText={Medium '/run/media/xd/Disc dur/VirtualBox/IAW/nextcloud/NextCloud (IAW)/IAW nextcloud/IAW nextcloud.vdi' cannot be closed because it is still attached to 1 virtual machines}, preserve=false aResultDetail=0
00:00:13.580369 main     ERROR [COM]: aRC=VBOX_E_OBJECT_IN_USE (0x80bb000c) aIID={ad47ad09-787b-44ab-b343-a082a3f2dfb1} aComponent={MediumWrap} aText={Medium '/run/media/xd/Disc dur/VirtualBox/SXI/mikrotik/chr-6.49.11-disk1.vdi' cannot be closed because it is still attached to 1 virtual machines}, preserve=false aResultDetail=0
00:00:13.580522 main     ERROR [COM]: aRC=VBOX_E_OBJECT_IN_USE (0x80bb000c) aIID={ad47ad09-787b-44ab-b343-a082a3f2dfb1} aComponent={MediumWrap} aText={Medium '/run/media/xd/Disc dur/VirtualBox/SXI/UbuntuDesktop20/UbuntuDesktop20-disk001.vdi' cannot be closed because it is still attached to 1 virtual machines}, preserve=false aResultDetail=0
00:00:13.580681 main     ERROR [COM]: aRC=VBOX_E_OBJECT_IN_USE (0x80bb000c) aIID={ad47ad09-787b-44ab-b343-a082a3f2dfb1} aComponent={MediumWrap} aText={Medium '/run/media/xd/Disc dur/VirtualBox/SXI/UbuntuServer20/UbuntuServer20-disk001.vdi' cannot be closed because it is still attached to 1 virtual machines}, preserve=false aResultDetail=0
00:00:13.581308 main     HostDnsMonitor: shutting down ...
00:00:13.581762 main     HostDnsMonitor: shut down
00:00:13.592695 Watcher  ERROR [COM]: aRC=E_ACCESSDENIED (0x80070005) aIID={7682d5eb-f00e-44f1-8ca2-99d08b1cd607} aComponent={VirtualBoxWrap} aText={The object is not ready}, preserve=false aResultDetail=0
00:00:13.592885 main     VirtualBox: object deleted
